Assuming unrestricted shared filesystem usage.
None
host: lev-01048.apn.wlan.private.upenn.edu
Building DAG of jobs...
Using shell: /bin/bash
Provided cores: 12
Rules claiming more threads will be scaled down.
Job stats:
job           count
----------  -------
all               1
descriptor        2
root             14
tree             14
treesort          2
total            33

Select jobs to execute...
Execute 12 jobs...
[Fri Jun 27 14:25:47 2025]
Job 30: Building tree
Reason: Missing output files: results/2/trees_unrooted/h3nx_mp.nwk
Shell command: 
        augur tree             --alignment data/alignments/h3nx_mp.fasta             --output results/2/trees_unrooted/h3nx_mp.nwk             --method iqtree             --nthreads 1
        
[Fri Jun 27 14:25:47 2025]
Job 26: Building tree
Reason: Missing output files: results/2/trees_unrooted/h3nx_ns.nwk
Shell command: 
        augur tree             --alignment data/alignments/h3nx_ns.fasta             --output results/2/trees_unrooted/h3nx_ns.nwk             --method iqtree             --nthreads 1
        
[Fri Jun 27 14:25:47 2025]
Job 18: Building tree
Reason: Missing output files: results/2/trees_unrooted/h3nx_np.nwk
Shell command: 
        augur tree             --alignment data/alignments/h3nx_np.fasta             --output results/2/trees_unrooted/h3nx_np.nwk             --method iqtree             --nthreads 1
        
[Fri Jun 27 14:25:47 2025]
Job 4: Building tree
Reason: Missing output files: results/1/trees_unrooted/h3nx_pb2.nwk
Shell command: 
        augur tree             --alignment data/alignments/h3nx_pb2.fasta             --output results/1/trees_unrooted/h3nx_pb2.nwk             --method iqtree             --nthreads 1
        
[Fri Jun 27 14:25:47 2025]
Job 6: Building tree
Reason: Missing output files: results/2/trees_unrooted/h3nx_pb2.nwk
Shell command: 
        augur tree             --alignment data/alignments/h3nx_pb2.fasta             --output results/2/trees_unrooted/h3nx_pb2.nwk             --method iqtree             --nthreads 1
        
[Fri Jun 27 14:25:47 2025]
Job 28: Building tree
Reason: Missing output files: results/1/trees_unrooted/h3nx_mp.nwk
Shell command: 
        augur tree             --alignment data/alignments/h3nx_mp.fasta             --output results/1/trees_unrooted/h3nx_mp.nwk             --method iqtree             --nthreads 1
        
[Fri Jun 27 14:25:47 2025]
Job 10: Building tree
Reason: Missing output files: results/2/trees_unrooted/h3nx_pb1.nwk
Shell command: 
        augur tree             --alignment data/alignments/h3nx_pb1.fasta             --output results/2/trees_unrooted/h3nx_pb1.nwk             --method iqtree             --nthreads 1
        
[Fri Jun 27 14:25:47 2025]
Job 24: Building tree
Reason: Missing output files: results/1/trees_unrooted/h3nx_ns.nwk
Shell command: 
        augur tree             --alignment data/alignments/h3nx_ns.fasta             --output results/1/trees_unrooted/h3nx_ns.nwk             --method iqtree             --nthreads 1
        
[Fri Jun 27 14:25:47 2025]
Job 20: Building tree
Reason: Missing output files: results/1/trees_unrooted/h3nx_pa.nwk
Shell command: 
        augur tree             --alignment data/alignments/h3nx_pa.fasta             --output results/1/trees_unrooted/h3nx_pa.nwk             --method iqtree             --nthreads 1
        
[Fri Jun 27 14:25:47 2025]
Job 8: Building tree
Reason: Missing output files: results/1/trees_unrooted/h3nx_pb1.nwk
Shell command: 
        augur tree             --alignment data/alignments/h3nx_pb1.fasta             --output results/1/trees_unrooted/h3nx_pb1.nwk             --method iqtree             --nthreads 1
        
[Fri Jun 27 14:25:47 2025]
Job 22: Building tree
Reason: Missing output files: results/2/trees_unrooted/h3nx_pa.nwk
Shell command: 
        augur tree             --alignment data/alignments/h3nx_pa.fasta             --output results/2/trees_unrooted/h3nx_pa.nwk             --method iqtree             --nthreads 1
        
[Fri Jun 27 14:25:47 2025]
Job 14: Building tree
Reason: Missing output files: results/2/trees_unrooted/h3nx_na.nwk
Shell command: 
        augur tree             --alignment data/alignments/h3nx_na.fasta             --output results/2/trees_unrooted/h3nx_na.nwk             --method iqtree             --nthreads 1
        
Select jobs to execute...
RuleException:
CalledProcessError in file "/Users/monclalab1/Documents/h3nx/h3nx_build/condition_on_ha/analysis/treesort/no-collapse/ha_automate/pipeline/canine_test/build/Snakefile", line 29:
Command 'set -euo pipefail;  
        augur tree             --alignment data/alignments/h3nx_mp.fasta             --output results/2/trees_unrooted/h3nx_mp.nwk             --method iqtree             --nthreads 1' returned non-zero exit status 1.
[Fri Jun 27 14:25:49 2025]
Error in rule tree:
    message: None
    jobid: 30
    input: data/alignments/h3nx_mp.fasta
    output: results/2/trees_unrooted/h3nx_mp.nwk
    shell:
        
        augur tree             --alignment data/alignments/h3nx_mp.fasta             --output results/2/trees_unrooted/h3nx_mp.nwk             --method iqtree             --nthreads 1
        
        (command exited with non-zero exit code)
RuleException:
CalledProcessError in file "/Users/monclalab1/Documents/h3nx/h3nx_build/condition_on_ha/analysis/treesort/no-collapse/ha_automate/pipeline/canine_test/build/Snakefile", line 29:
Command 'set -euo pipefail;  
        augur tree             --alignment data/alignments/h3nx_ns.fasta             --output results/2/trees_unrooted/h3nx_ns.nwk             --method iqtree             --nthreads 1' returned non-zero exit status 1.
[Fri Jun 27 14:25:49 2025]
Error in rule tree:
    message: None
    jobid: 26
    input: data/alignments/h3nx_ns.fasta
    output: results/2/trees_unrooted/h3nx_ns.nwk
    shell:
        
        augur tree             --alignment data/alignments/h3nx_ns.fasta             --output results/2/trees_unrooted/h3nx_ns.nwk             --method iqtree             --nthreads 1
        
        (command exited with non-zero exit code)
[Fri Jun 27 14:25:50 2025]
Finished jobid: 24 (Rule: tree)
1 of 33 steps (3%) done
[Fri Jun 27 14:25:50 2025]
Finished jobid: 28 (Rule: tree)
2 of 33 steps (6%) done
[Fri Jun 27 14:25:50 2025]
Finished jobid: 14 (Rule: tree)
3 of 33 steps (9%) done
[Fri Jun 27 14:25:50 2025]
Finished jobid: 18 (Rule: tree)
4 of 33 steps (12%) done
RuleException:
CalledProcessError in file "/Users/monclalab1/Documents/h3nx/h3nx_build/condition_on_ha/analysis/treesort/no-collapse/ha_automate/pipeline/canine_test/build/Snakefile", line 29:
Command 'set -euo pipefail;  
        augur tree             --alignment data/alignments/h3nx_pa.fasta             --output results/2/trees_unrooted/h3nx_pa.nwk             --method iqtree             --nthreads 1' returned non-zero exit status 2.
[Fri Jun 27 14:25:51 2025]
Error in rule tree:
    message: None
    jobid: 22
    input: data/alignments/h3nx_pa.fasta
    output: results/2/trees_unrooted/h3nx_pa.nwk
    shell:
        
        augur tree             --alignment data/alignments/h3nx_pa.fasta             --output results/2/trees_unrooted/h3nx_pa.nwk             --method iqtree             --nthreads 1
        
        (command exited with non-zero exit code)
Removing output files of failed job tree since they might be corrupted:
results/2/trees_unrooted/h3nx_pa.nwk
[Fri Jun 27 14:25:51 2025]
Finished jobid: 4 (Rule: tree)
5 of 33 steps (15%) done
[Fri Jun 27 14:25:51 2025]
Finished jobid: 6 (Rule: tree)
6 of 33 steps (18%) done
[Fri Jun 27 14:25:51 2025]
Finished jobid: 20 (Rule: tree)
7 of 33 steps (21%) done
[Fri Jun 27 14:25:51 2025]
Finished jobid: 8 (Rule: tree)
8 of 33 steps (24%) done
[Fri Jun 27 14:25:51 2025]
Finished jobid: 10 (Rule: tree)
9 of 33 steps (27%) done
Shutting down, this might take some time.
Exiting because a job execution failed. Look below for error messages
[Fri Jun 27 14:25:51 2025]
Error in rule tree:
    message: None
    jobid: 22
    input: data/alignments/h3nx_pa.fasta
    output: results/2/trees_unrooted/h3nx_pa.nwk
    shell:
        
        augur tree             --alignment data/alignments/h3nx_pa.fasta             --output results/2/trees_unrooted/h3nx_pa.nwk             --method iqtree             --nthreads 1
        
        (command exited with non-zero exit code)
[Fri Jun 27 14:25:51 2025]
Error in rule tree:
    message: None
    jobid: 30
    input: data/alignments/h3nx_mp.fasta
    output: results/2/trees_unrooted/h3nx_mp.nwk
    shell:
        
        augur tree             --alignment data/alignments/h3nx_mp.fasta             --output results/2/trees_unrooted/h3nx_mp.nwk             --method iqtree             --nthreads 1
        
        (command exited with non-zero exit code)
[Fri Jun 27 14:25:51 2025]
Error in rule tree:
    message: None
    jobid: 26
    input: data/alignments/h3nx_ns.fasta
    output: results/2/trees_unrooted/h3nx_ns.nwk
    shell:
        
        augur tree             --alignment data/alignments/h3nx_ns.fasta             --output results/2/trees_unrooted/h3nx_ns.nwk             --method iqtree             --nthreads 1
        
        (command exited with non-zero exit code)
Complete log(s): /Users/monclalab1/Documents/h3nx/h3nx_build/condition_on_ha/analysis/treesort/no-collapse/ha_automate/pipeline/canine_test/build/.snakemake/log/2025-06-27T142547.179736.snakemake.log
WorkflowError:
At least one job did not complete successfully.
