Assuming unrestricted shared filesystem usage.
None
host: lev-01048.apn.wlan.private.upenn.edu
Building DAG of jobs...
Using shell: /bin/bash
Provided cores: 12
Rules claiming more threads will be scaled down.
Job stats:
job        count
-------  -------
all            1
summary        1
total          2

Select jobs to execute...
Execute 1 jobs...
[Thu Jun 26 16:19:46 2025]
Job 1: converting to nwk, making a summary tree
Reason: Missing output files: results/rea.json
Shell command: 
		python scripts/summary.py 		--tree results/ha_treesort.tre 		--outdir results/rea.json
		
RuleException:
CalledProcessError in file "/Users/monclalab1/Documents/h3nx/h3nx_build/condition_on_ha/analysis/treesort/no-collapse/ha_automate/pipeline/canine_test/build/Snakefile", line 79:
Command 'set -euo pipefail;  
		python scripts/summary.py 		--tree results/ha_treesort.tre 		--outdir results/rea.json' returned non-zero exit status 1.
[Thu Jun 26 16:19:47 2025]
Error in rule summary:
    message: None
    jobid: 1
    input: results/ha_treesort.tre
    output: results/rea.json
    shell:
        
		python scripts/summary.py 		--tree results/ha_treesort.tre 		--outdir results/rea.json
		
        (command exited with non-zero exit code)
Shutting down, this might take some time.
Exiting because a job execution failed. Look below for error messages
[Thu Jun 26 16:19:47 2025]
Error in rule summary:
    message: None
    jobid: 1
    input: results/ha_treesort.tre
    output: results/rea.json
    shell:
        
		python scripts/summary.py 		--tree results/ha_treesort.tre 		--outdir results/rea.json
		
        (command exited with non-zero exit code)
Complete log(s): /Users/monclalab1/Documents/h3nx/h3nx_build/condition_on_ha/analysis/treesort/no-collapse/ha_automate/pipeline/canine_test/build/.snakemake/log/2025-06-26T161946.594919.snakemake.log
WorkflowError:
At least one job did not complete successfully.
