Building DAG of jobs...
Using shell: /usr/bin/bash
Provided cores: 8
Rules claiming more threads will be scaled down.
Job stats:
job      count
-----  -------
all          1
root         7
tree         7
total       15

Select jobs to execute...

[Tue Jun 24 21:13:07 2025]
Job 4: Building tree
Reason: Missing output files: results/trees_unrooted/h3nx_pb1.nwk


        augur tree             --alignment data/alignments/h3nx_pb1.fasta             --output results/trees_unrooted/h3nx_pb1.nwk             --method iqtree             --nthreads 1
        

[Tue Jun 24 21:13:07 2025]
Job 6: Building tree
Reason: Missing output files: results/trees_unrooted/h3nx_na.nwk


        augur tree             --alignment data/alignments/h3nx_na.fasta             --output results/trees_unrooted/h3nx_na.nwk             --method iqtree             --nthreads 1
        

[Tue Jun 24 21:13:07 2025]
Job 8: Building tree
Reason: Missing output files: results/trees_unrooted/h3nx_np.nwk


        augur tree             --alignment data/alignments/h3nx_np.fasta             --output results/trees_unrooted/h3nx_np.nwk             --method iqtree             --nthreads 1
        

[Tue Jun 24 21:13:07 2025]
Job 10: Building tree
Reason: Missing output files: results/trees_unrooted/h3nx_pa.nwk


        augur tree             --alignment data/alignments/h3nx_pa.fasta             --output results/trees_unrooted/h3nx_pa.nwk             --method iqtree             --nthreads 1
        

[Tue Jun 24 21:13:07 2025]
Job 12: Building tree
Reason: Missing output files: results/trees_unrooted/h3nx_ns.nwk


        augur tree             --alignment data/alignments/h3nx_ns.fasta             --output results/trees_unrooted/h3nx_ns.nwk             --method iqtree             --nthreads 1
        

[Tue Jun 24 21:13:07 2025]
Job 2: Building tree
Reason: Missing output files: results/trees_unrooted/h3nx_pb2.nwk


        augur tree             --alignment data/alignments/h3nx_pb2.fasta             --output results/trees_unrooted/h3nx_pb2.nwk             --method iqtree             --nthreads 1
        

[Tue Jun 24 21:13:07 2025]
Job 14: Building tree
Reason: Missing output files: results/trees_unrooted/h3nx_mp.nwk


        augur tree             --alignment data/alignments/h3nx_mp.fasta             --output results/trees_unrooted/h3nx_mp.nwk             --method iqtree             --nthreads 1
        
[Tue Jun 24 21:13:10 2025]
Finished job 12.
1 of 15 steps (7%) done
Select jobs to execute...

[Tue Jun 24 21:13:10 2025]
Job 11: Inferring root
Reason: Missing output files: results/trees_rooted/h3nx_ns_rooted/rerooted.newick; Input files updated by another job: results/trees_unrooted/h3nx_ns.nwk


		treetime clock 			--tree results/trees_unrooted/h3nx_ns.nwk 			--dates data/strain_dates.csv 			--aln data/alignments/h3nx_ns.fasta 			--outdir "results/trees_rooted/h3nx_ns_rooted"
        
[Tue Jun 24 21:13:10 2025]
Finished job 14.
2 of 15 steps (13%) done
Select jobs to execute...

[Tue Jun 24 21:13:10 2025]
Job 13: Inferring root
Reason: Missing output files: results/trees_rooted/h3nx_mp_rooted/rerooted.newick; Input files updated by another job: results/trees_unrooted/h3nx_mp.nwk


		treetime clock 			--tree results/trees_unrooted/h3nx_mp.nwk 			--dates data/strain_dates.csv 			--aln data/alignments/h3nx_mp.fasta 			--outdir "results/trees_rooted/h3nx_mp_rooted"
        
[Tue Jun 24 21:13:10 2025]
Finished job 6.
3 of 15 steps (20%) done
Select jobs to execute...

[Tue Jun 24 21:13:10 2025]
Job 5: Inferring root
Reason: Missing output files: results/trees_rooted/h3nx_na_rooted/rerooted.newick; Input files updated by another job: results/trees_unrooted/h3nx_na.nwk


		treetime clock 			--tree results/trees_unrooted/h3nx_na.nwk 			--dates data/strain_dates.csv 			--aln data/alignments/h3nx_na.fasta 			--outdir "results/trees_rooted/h3nx_na_rooted"
        
[Tue Jun 24 21:13:10 2025]
Finished job 8.
4 of 15 steps (27%) done
Select jobs to execute...

[Tue Jun 24 21:13:10 2025]
Job 7: Inferring root
Reason: Missing output files: results/trees_rooted/h3nx_np_rooted/rerooted.newick; Input files updated by another job: results/trees_unrooted/h3nx_np.nwk


		treetime clock 			--tree results/trees_unrooted/h3nx_np.nwk 			--dates data/strain_dates.csv 			--aln data/alignments/h3nx_np.fasta 			--outdir "results/trees_rooted/h3nx_np_rooted"
        
[Tue Jun 24 21:13:10 2025]
Finished job 10.
5 of 15 steps (33%) done
Select jobs to execute...

[Tue Jun 24 21:13:10 2025]
Job 9: Inferring root
Reason: Missing output files: results/trees_rooted/h3nx_pa_rooted/rerooted.newick; Input files updated by another job: results/trees_unrooted/h3nx_pa.nwk


		treetime clock 			--tree results/trees_unrooted/h3nx_pa.nwk 			--dates data/strain_dates.csv 			--aln data/alignments/h3nx_pa.fasta 			--outdir "results/trees_rooted/h3nx_pa_rooted"
        
[Tue Jun 24 21:13:10 2025]
Finished job 2.
6 of 15 steps (40%) done
Select jobs to execute...

[Tue Jun 24 21:13:10 2025]
Job 1: Inferring root
Reason: Missing output files: results/trees_rooted/h3nx_pb2_rooted/rerooted.newick; Input files updated by another job: results/trees_unrooted/h3nx_pb2.nwk


		treetime clock 			--tree results/trees_unrooted/h3nx_pb2.nwk 			--dates data/strain_dates.csv 			--aln data/alignments/h3nx_pb2.fasta 			--outdir "results/trees_rooted/h3nx_pb2_rooted"
        
[Tue Jun 24 21:13:10 2025]
Finished job 4.
7 of 15 steps (47%) done
Select jobs to execute...

[Tue Jun 24 21:13:10 2025]
Job 3: Inferring root
Reason: Missing output files: results/trees_rooted/h3nx_pb1_rooted/rerooted.newick; Input files updated by another job: results/trees_unrooted/h3nx_pb1.nwk


		treetime clock 			--tree results/trees_unrooted/h3nx_pb1.nwk 			--dates data/strain_dates.csv 			--aln data/alignments/h3nx_pb1.fasta 			--outdir "results/trees_rooted/h3nx_pb1_rooted"
        
[Tue Jun 24 21:13:13 2025]
Finished job 5.
8 of 15 steps (53%) done
[Tue Jun 24 21:13:13 2025]
Finished job 13.
9 of 15 steps (60%) done
[Tue Jun 24 21:13:13 2025]
Finished job 11.
10 of 15 steps (67%) done
[Tue Jun 24 21:13:13 2025]
Finished job 7.
11 of 15 steps (73%) done
[Tue Jun 24 21:13:14 2025]
Finished job 9.
12 of 15 steps (80%) done
[Tue Jun 24 21:13:14 2025]
Finished job 1.
13 of 15 steps (87%) done
[Tue Jun 24 21:13:14 2025]
Finished job 3.
14 of 15 steps (93%) done
Select jobs to execute...

[Tue Jun 24 21:13:14 2025]
localrule all:
    input: results/trees_rooted/h3nx_pb2_rooted/rerooted.newick, results/trees_rooted/h3nx_pb1_rooted/rerooted.newick, results/trees_rooted/h3nx_na_rooted/rerooted.newick, results/trees_rooted/h3nx_np_rooted/rerooted.newick, results/trees_rooted/h3nx_pa_rooted/rerooted.newick, results/trees_rooted/h3nx_ns_rooted/rerooted.newick, results/trees_rooted/h3nx_mp_rooted/rerooted.newick
    jobid: 0
    reason: Input files updated by another job: results/trees_rooted/h3nx_pa_rooted/rerooted.newick, results/trees_rooted/h3nx_pb1_rooted/rerooted.newick, results/trees_rooted/h3nx_mp_rooted/rerooted.newick, results/trees_rooted/h3nx_pb2_rooted/rerooted.newick, results/trees_rooted/h3nx_np_rooted/rerooted.newick, results/trees_rooted/h3nx_ns_rooted/rerooted.newick, results/trees_rooted/h3nx_na_rooted/rerooted.newick
    resources: tmpdir=/tmp

[Tue Jun 24 21:13:14 2025]
Finished job 0.
15 of 15 steps (100%) done
Complete log: .snakemake/log/2025-06-24T211306.823201.snakemake.log
