Assuming unrestricted shared filesystem usage.
None
host: lev-01048.apn.wlan.private.upenn.edu
Building DAG of jobs...
Using shell: /bin/bash
Provided cores: 12
Rules claiming more threads will be scaled down.
Job stats:
job           count
----------  -------
all               1
descriptor        2
root             14
tree              5
treesort          2
total            24

Select jobs to execute...
Execute 12 jobs...
[Fri Jun 27 14:27:41 2025]
Job 19: Inferring root
Reason: Missing output files: results/1/trees_rooted/h3nx_pa_rooted/rerooted.newick
Shell command: 
		treetime clock 			--tree results/1/trees_unrooted/h3nx_pa.nwk 			--dates data/strain_dates.csv 			--aln data/alignments/h3nx_pa.fasta 			--outdir "results/1/trees_rooted/h3nx_pa_rooted"
        
[Fri Jun 27 14:27:41 2025]
Job 5: Inferring root
Reason: Missing output files: results/2/trees_rooted/h3nx_pb2_rooted/rerooted.newick
Shell command: 
		treetime clock 			--tree results/2/trees_unrooted/h3nx_pb2.nwk 			--dates data/strain_dates.csv 			--aln data/alignments/h3nx_pb2.fasta 			--outdir "results/2/trees_rooted/h3nx_pb2_rooted"
        
[Fri Jun 27 14:27:41 2025]
Job 30: Building tree
Reason: Missing output files: results/2/trees_unrooted/h3nx_mp.nwk
Shell command: 
        augur tree             --alignment data/alignments/h3nx_mp.fasta             --output results/2/trees_unrooted/h3nx_mp.nwk             --method iqtree             --nthreads 1
        
[Fri Jun 27 14:27:41 2025]
Job 23: Inferring root
Reason: Missing output files: results/1/trees_rooted/h3nx_ns_rooted/rerooted.newick
Shell command: 
		treetime clock 			--tree results/1/trees_unrooted/h3nx_ns.nwk 			--dates data/strain_dates.csv 			--aln data/alignments/h3nx_ns.fasta 			--outdir "results/1/trees_rooted/h3nx_ns_rooted"
        
[Fri Jun 27 14:27:41 2025]
Job 7: Inferring root
Reason: Missing output files: results/1/trees_rooted/h3nx_pb1_rooted/rerooted.newick
Shell command: 
		treetime clock 			--tree results/1/trees_unrooted/h3nx_pb1.nwk 			--dates data/strain_dates.csv 			--aln data/alignments/h3nx_pb1.fasta 			--outdir "results/1/trees_rooted/h3nx_pb1_rooted"
        
[Fri Jun 27 14:27:41 2025]
Job 27: Inferring root
Reason: Missing output files: results/1/trees_rooted/h3nx_mp_rooted/rerooted.newick
Shell command: 
		treetime clock 			--tree results/1/trees_unrooted/h3nx_mp.nwk 			--dates data/strain_dates.csv 			--aln data/alignments/h3nx_mp.fasta 			--outdir "results/1/trees_rooted/h3nx_mp_rooted"
        
[Fri Jun 27 14:27:41 2025]
Job 26: Building tree
Reason: Missing output files: results/2/trees_unrooted/h3nx_ns.nwk
Shell command: 
        augur tree             --alignment data/alignments/h3nx_ns.fasta             --output results/2/trees_unrooted/h3nx_ns.nwk             --method iqtree             --nthreads 1
        
[Fri Jun 27 14:27:41 2025]
Job 16: Building tree
Reason: Missing output files: results/1/trees_unrooted/h3nx_np.nwk
Shell command: 
        augur tree             --alignment data/alignments/h3nx_np.fasta             --output results/1/trees_unrooted/h3nx_np.nwk             --method iqtree             --nthreads 1
        
[Fri Jun 27 14:27:41 2025]
Job 13: Inferring root
Reason: Missing output files: results/2/trees_rooted/h3nx_na_rooted/rerooted.newick
Shell command: 
		treetime clock 			--tree results/2/trees_unrooted/h3nx_na.nwk 			--dates data/strain_dates.csv 			--aln data/alignments/h3nx_na.fasta 			--outdir "results/2/trees_rooted/h3nx_na_rooted"
        
[Fri Jun 27 14:27:41 2025]
Job 22: Building tree
Reason: Missing output files: results/2/trees_unrooted/h3nx_pa.nwk
Shell command: 
        augur tree             --alignment data/alignments/h3nx_pa.fasta             --output results/2/trees_unrooted/h3nx_pa.nwk             --method iqtree             --nthreads 1
        
[Fri Jun 27 14:27:41 2025]
Job 3: Inferring root
Reason: Missing output files: results/1/trees_rooted/h3nx_pb2_rooted/rerooted.newick
Shell command: 
		treetime clock 			--tree results/1/trees_unrooted/h3nx_pb2.nwk 			--dates data/strain_dates.csv 			--aln data/alignments/h3nx_pb2.fasta 			--outdir "results/1/trees_rooted/h3nx_pb2_rooted"
        
[Fri Jun 27 14:27:41 2025]
Job 17: Inferring root
Reason: Missing output files: results/2/trees_rooted/h3nx_np_rooted/rerooted.newick
Shell command: 
		treetime clock 			--tree results/2/trees_unrooted/h3nx_np.nwk 			--dates data/strain_dates.csv 			--aln data/alignments/h3nx_np.fasta 			--outdir "results/2/trees_rooted/h3nx_np_rooted"
        
Select jobs to execute...
[Fri Jun 27 14:27:45 2025]
Finished jobid: 26 (Rule: tree)
1 of 24 steps (4%) done
Execute 1 jobs...
[Fri Jun 27 14:27:45 2025]
Job 12: Building tree
Reason: Missing output files: results/1/trees_unrooted/h3nx_na.nwk
Shell command: 
        augur tree             --alignment data/alignments/h3nx_na.fasta             --output results/1/trees_unrooted/h3nx_na.nwk             --method iqtree             --nthreads 1
        
[Fri Jun 27 14:27:45 2025]
Finished jobid: 30 (Rule: tree)
2 of 24 steps (8%) done
Select jobs to execute...
Execute 1 jobs...
[Fri Jun 27 14:27:45 2025]
Job 29: Inferring root
Reason: Missing output files: results/2/trees_rooted/h3nx_mp_rooted/rerooted.newick; Input files updated by another job: results/2/trees_unrooted/h3nx_mp.nwk
Shell command: 
		treetime clock 			--tree results/2/trees_unrooted/h3nx_mp.nwk 			--dates data/strain_dates.csv 			--aln data/alignments/h3nx_mp.fasta 			--outdir "results/2/trees_rooted/h3nx_mp_rooted"
        
[Fri Jun 27 14:27:45 2025]
Finished jobid: 23 (Rule: root)
3 of 24 steps (12%) done
Select jobs to execute...
Execute 1 jobs...
[Fri Jun 27 14:27:45 2025]
Job 9: Inferring root
Reason: Missing output files: results/2/trees_rooted/h3nx_pb1_rooted/rerooted.newick
Shell command: 
		treetime clock 			--tree results/2/trees_unrooted/h3nx_pb1.nwk 			--dates data/strain_dates.csv 			--aln data/alignments/h3nx_pb1.fasta 			--outdir "results/2/trees_rooted/h3nx_pb1_rooted"
        
[Fri Jun 27 14:27:45 2025]
Finished jobid: 16 (Rule: tree)
4 of 24 steps (17%) done
[Fri Jun 27 14:27:45 2025]
Finished jobid: 7 (Rule: root)
5 of 24 steps (21%) done
[Fri Jun 27 14:27:45 2025]
Finished jobid: 5 (Rule: root)
6 of 24 steps (25%) done
[Fri Jun 27 14:27:45 2025]
Finished jobid: 13 (Rule: root)
7 of 24 steps (29%) done
Select jobs to execute...
Execute 2 jobs...
[Fri Jun 27 14:27:45 2025]
Job 15: Inferring root
Reason: Missing output files: results/1/trees_rooted/h3nx_np_rooted/rerooted.newick; Input files updated by another job: results/1/trees_unrooted/h3nx_np.nwk
Shell command: 
		treetime clock 			--tree results/1/trees_unrooted/h3nx_np.nwk 			--dates data/strain_dates.csv 			--aln data/alignments/h3nx_np.fasta 			--outdir "results/1/trees_rooted/h3nx_np_rooted"
        
[Fri Jun 27 14:27:45 2025]
Job 25: Inferring root
Reason: Missing output files: results/2/trees_rooted/h3nx_ns_rooted/rerooted.newick; Input files updated by another job: results/2/trees_unrooted/h3nx_ns.nwk
Shell command: 
		treetime clock 			--tree results/2/trees_unrooted/h3nx_ns.nwk 			--dates data/strain_dates.csv 			--aln data/alignments/h3nx_ns.fasta 			--outdir "results/2/trees_rooted/h3nx_ns_rooted"
        
[Fri Jun 27 14:27:45 2025]
Finished jobid: 19 (Rule: root)
8 of 24 steps (33%) done
[Fri Jun 27 14:27:45 2025]
Finished jobid: 27 (Rule: root)
9 of 24 steps (38%) done
[Fri Jun 27 14:27:45 2025]
Finished jobid: 17 (Rule: root)
10 of 24 steps (42%) done
[Fri Jun 27 14:27:45 2025]
Finished jobid: 3 (Rule: root)
11 of 24 steps (46%) done
[Fri Jun 27 14:27:45 2025]
Finished jobid: 22 (Rule: tree)
12 of 24 steps (50%) done
Select jobs to execute...
Execute 1 jobs...
[Fri Jun 27 14:27:45 2025]
Job 21: Inferring root
Reason: Missing output files: results/2/trees_rooted/h3nx_pa_rooted/rerooted.newick; Input files updated by another job: results/2/trees_unrooted/h3nx_pa.nwk
Shell command: 
		treetime clock 			--tree results/2/trees_unrooted/h3nx_pa.nwk 			--dates data/strain_dates.csv 			--aln data/alignments/h3nx_pa.fasta 			--outdir "results/2/trees_rooted/h3nx_pa_rooted"
        
[Fri Jun 27 14:27:47 2025]
Finished jobid: 29 (Rule: root)
13 of 24 steps (54%) done
[Fri Jun 27 14:27:47 2025]
Finished jobid: 25 (Rule: root)
14 of 24 steps (58%) done
[Fri Jun 27 14:27:47 2025]
Finished jobid: 9 (Rule: root)
15 of 24 steps (62%) done
[Fri Jun 27 14:27:47 2025]
Finished jobid: 15 (Rule: root)
16 of 24 steps (67%) done
[Fri Jun 27 14:27:47 2025]
Finished jobid: 12 (Rule: tree)
17 of 24 steps (71%) done
Select jobs to execute...
Execute 1 jobs...
[Fri Jun 27 14:27:47 2025]
Job 11: Inferring root
Reason: Missing output files: results/1/trees_rooted/h3nx_na_rooted/rerooted.newick; Input files updated by another job: results/1/trees_unrooted/h3nx_na.nwk
Shell command: 
		treetime clock 			--tree results/1/trees_unrooted/h3nx_na.nwk 			--dates data/strain_dates.csv 			--aln data/alignments/h3nx_na.fasta 			--outdir "results/1/trees_rooted/h3nx_na_rooted"
        
[Fri Jun 27 14:27:47 2025]
Finished jobid: 21 (Rule: root)
18 of 24 steps (75%) done
[Fri Jun 27 14:27:50 2025]
Finished jobid: 11 (Rule: root)
19 of 24 steps (79%) done
Select jobs to execute...
Execute 2 jobs...
[Fri Jun 27 14:27:50 2025]
Job 2: creating a descriptor file that points to the correct replicate trees
Reason: Missing output files: descriptor_1.csv; Input files updated by another job: results/1/trees_rooted/h3nx_pa_rooted/rerooted.newick, results/1/trees_rooted/h3nx_mp_rooted/rerooted.newick, results/1/trees_rooted/h3nx_ns_rooted/rerooted.newick, results/2/trees_rooted/h3nx_pb2_rooted/rerooted.newick, results/1/trees_rooted/h3nx_pb2_rooted/rerooted.newick, results/1/trees_rooted/h3nx_na_rooted/rerooted.newick, results/2/trees_rooted/h3nx_mp_rooted/rerooted.newick, results/2/trees_rooted/h3nx_pb1_rooted/rerooted.newick, results/2/trees_rooted/h3nx_ns_rooted/rerooted.newick, results/1/trees_rooted/h3nx_pb1_rooted/rerooted.newick, results/2/trees_rooted/h3nx_na_rooted/rerooted.newick, results/1/trees_rooted/h3nx_np_rooted/rerooted.newick, results/2/trees_rooted/h3nx_np_rooted/rerooted.newick, results/2/trees_rooted/h3nx_pa_rooted/rerooted.newick
Shell command: 
		python scripts/descriptor.py 		--rep 1 		--descriptor descriptor_1.csv 
		
[Fri Jun 27 14:27:50 2025]
Job 32: creating a descriptor file that points to the correct replicate trees
Reason: Missing output files: descriptor_2.csv; Input files updated by another job: results/1/trees_rooted/h3nx_pa_rooted/rerooted.newick, results/1/trees_rooted/h3nx_mp_rooted/rerooted.newick, results/1/trees_rooted/h3nx_ns_rooted/rerooted.newick, results/2/trees_rooted/h3nx_pb2_rooted/rerooted.newick, results/1/trees_rooted/h3nx_pb2_rooted/rerooted.newick, results/1/trees_rooted/h3nx_na_rooted/rerooted.newick, results/2/trees_rooted/h3nx_mp_rooted/rerooted.newick, results/2/trees_rooted/h3nx_pb1_rooted/rerooted.newick, results/2/trees_rooted/h3nx_ns_rooted/rerooted.newick, results/1/trees_rooted/h3nx_pb1_rooted/rerooted.newick, results/2/trees_rooted/h3nx_na_rooted/rerooted.newick, results/1/trees_rooted/h3nx_np_rooted/rerooted.newick, results/2/trees_rooted/h3nx_np_rooted/rerooted.newick, results/2/trees_rooted/h3nx_pa_rooted/rerooted.newick
Shell command: 
		python scripts/descriptor.py 		--rep 2 		--descriptor descriptor_2.csv 
		
[Fri Jun 27 14:27:50 2025]
Finished jobid: 2 (Rule: descriptor)
20 of 24 steps (83%) done
Select jobs to execute...
Execute 1 jobs...
[Fri Jun 27 14:27:50 2025]
Job 1: running treesort to infer reassortment events
Reason: Missing output files: results/1/ha_treesort.tre; Input files updated by another job: descriptor_1.csv; Code has changed since last execution
Shell command: 
		treesort 		-i descriptor_1.csv 		-o results/1/ha_treesort.tre 		--no-collapse 		> output_1.log
		
[Fri Jun 27 14:27:50 2025]
Finished jobid: 32 (Rule: descriptor)
21 of 24 steps (88%) done
Select jobs to execute...
Execute 1 jobs...
[Fri Jun 27 14:27:50 2025]
Job 31: running treesort to infer reassortment events
Reason: Missing output files: results/2/ha_treesort.tre; Input files updated by another job: descriptor_2.csv; Code has changed since last execution
Shell command: 
		treesort 		-i descriptor_2.csv 		-o results/2/ha_treesort.tre 		--no-collapse 		> output_2.log
		
[Fri Jun 27 14:29:36 2025]
Finished jobid: 1 (Rule: treesort)
22 of 24 steps (92%) done
[Fri Jun 27 14:29:36 2025]
Finished jobid: 31 (Rule: treesort)
23 of 24 steps (96%) done
Select jobs to execute...
Execute 1 jobs...
[Fri Jun 27 14:29:36 2025]
localrule all:
    input: results/1/ha_treesort.tre, results/2/ha_treesort.tre
    jobid: 0
    reason: Input files updated by another job: results/2/ha_treesort.tre, results/1/ha_treesort.tre
    resources: tmpdir=/var/folders/b4/087mzk6d6sj828w5t9xtml640000gr/T
Shell command: None
[Fri Jun 27 14:29:36 2025]
Finished jobid: 0 (Rule: all)
24 of 24 steps (100%) done
Complete log(s): /Users/monclalab1/Documents/h3nx/h3nx_build/condition_on_ha/analysis/treesort/no-collapse/ha_automate/pipeline/canine_test/build/.snakemake/log/2025-06-27T142741.542600.snakemake.log
