Assuming unrestricted shared filesystem usage.
None
host: lev-01048.apn.wlan.private.upenn.edu
Building DAG of jobs...
Using shell: /bin/bash
Provided cores: 12
Rules claiming more threads will be scaled down.
Job stats:
job           count
----------  -------
all               1
descriptor        2
root             14
tree             14
treesort          2
total            33

Select jobs to execute...
Execute 12 jobs...
[Fri Jun 27 14:36:11 2025]
Job 30: Building tree
Reason: Missing output files: results/2/trees_unrooted/h3nx_mp.nwk
Shell command: 
        augur tree             --alignment data/alignments/h3nx_mp.fasta             --output results/2/trees_unrooted/h3nx_mp.nwk             --method iqtree             --nthreads 1
        
[Fri Jun 27 14:36:11 2025]
Job 26: Building tree
Reason: Missing output files: results/2/trees_unrooted/h3nx_ns.nwk
Shell command: 
        augur tree             --alignment data/alignments/h3nx_ns.fasta             --output results/2/trees_unrooted/h3nx_ns.nwk             --method iqtree             --nthreads 1
        
[Fri Jun 27 14:36:11 2025]
Job 18: Building tree
Reason: Missing output files: results/2/trees_unrooted/h3nx_np.nwk
Shell command: 
        augur tree             --alignment data/alignments/h3nx_np.fasta             --output results/2/trees_unrooted/h3nx_np.nwk             --method iqtree             --nthreads 1
        
[Fri Jun 27 14:36:11 2025]
Job 4: Building tree
Reason: Missing output files: results/1/trees_unrooted/h3nx_pb2.nwk
Shell command: 
        augur tree             --alignment data/alignments/h3nx_pb2.fasta             --output results/1/trees_unrooted/h3nx_pb2.nwk             --method iqtree             --nthreads 1
        
[Fri Jun 27 14:36:11 2025]
Job 6: Building tree
Reason: Missing output files: results/2/trees_unrooted/h3nx_pb2.nwk
Shell command: 
        augur tree             --alignment data/alignments/h3nx_pb2.fasta             --output results/2/trees_unrooted/h3nx_pb2.nwk             --method iqtree             --nthreads 1
        
[Fri Jun 27 14:36:11 2025]
Job 28: Building tree
Reason: Missing output files: results/1/trees_unrooted/h3nx_mp.nwk
Shell command: 
        augur tree             --alignment data/alignments/h3nx_mp.fasta             --output results/1/trees_unrooted/h3nx_mp.nwk             --method iqtree             --nthreads 1
        
[Fri Jun 27 14:36:11 2025]
Job 10: Building tree
Reason: Missing output files: results/2/trees_unrooted/h3nx_pb1.nwk
Shell command: 
        augur tree             --alignment data/alignments/h3nx_pb1.fasta             --output results/2/trees_unrooted/h3nx_pb1.nwk             --method iqtree             --nthreads 1
        
[Fri Jun 27 14:36:11 2025]
Job 24: Building tree
Reason: Missing output files: results/1/trees_unrooted/h3nx_ns.nwk
Shell command: 
        augur tree             --alignment data/alignments/h3nx_ns.fasta             --output results/1/trees_unrooted/h3nx_ns.nwk             --method iqtree             --nthreads 1
        
[Fri Jun 27 14:36:11 2025]
Job 20: Building tree
Reason: Missing output files: results/1/trees_unrooted/h3nx_pa.nwk
Shell command: 
        augur tree             --alignment data/alignments/h3nx_pa.fasta             --output results/1/trees_unrooted/h3nx_pa.nwk             --method iqtree             --nthreads 1
        
[Fri Jun 27 14:36:11 2025]
Job 8: Building tree
Reason: Missing output files: results/1/trees_unrooted/h3nx_pb1.nwk
Shell command: 
        augur tree             --alignment data/alignments/h3nx_pb1.fasta             --output results/1/trees_unrooted/h3nx_pb1.nwk             --method iqtree             --nthreads 1
        
[Fri Jun 27 14:36:11 2025]
Job 22: Building tree
Reason: Missing output files: results/2/trees_unrooted/h3nx_pa.nwk
Shell command: 
        augur tree             --alignment data/alignments/h3nx_pa.fasta             --output results/2/trees_unrooted/h3nx_pa.nwk             --method iqtree             --nthreads 1
        
[Fri Jun 27 14:36:11 2025]
Job 14: Building tree
Reason: Missing output files: results/2/trees_unrooted/h3nx_na.nwk
Shell command: 
        augur tree             --alignment data/alignments/h3nx_na.fasta             --output results/2/trees_unrooted/h3nx_na.nwk             --method iqtree             --nthreads 1
        
Select jobs to execute...
[Fri Jun 27 14:36:15 2025]
Finished jobid: 24 (Rule: tree)
1 of 33 steps (3%) done
Execute 1 jobs...
[Fri Jun 27 14:36:15 2025]
Job 12: Building tree
Reason: Missing output files: results/1/trees_unrooted/h3nx_na.nwk
Shell command: 
        augur tree             --alignment data/alignments/h3nx_na.fasta             --output results/1/trees_unrooted/h3nx_na.nwk             --method iqtree             --nthreads 1
        
[Fri Jun 27 14:36:15 2025]
Finished jobid: 30 (Rule: tree)
2 of 33 steps (6%) done
Select jobs to execute...
Execute 1 jobs...
[Fri Jun 27 14:36:15 2025]
Job 23: Inferring root
Reason: Missing output files: results/1/trees_rooted/h3nx_ns_rooted/rerooted.newick; Input files updated by another job: results/1/trees_unrooted/h3nx_ns.nwk
Shell command: 
		treetime clock 			--tree results/1/trees_unrooted/h3nx_ns.nwk 			--dates data/strain_dates.csv 			--aln data/alignments/h3nx_ns.fasta 			--outdir "results/1/trees_rooted/h3nx_ns_rooted"
        
[Fri Jun 27 14:36:15 2025]
Finished jobid: 26 (Rule: tree)
3 of 33 steps (9%) done
Select jobs to execute...
Execute 1 jobs...
[Fri Jun 27 14:36:15 2025]
Job 25: Inferring root
Reason: Missing output files: results/2/trees_rooted/h3nx_ns_rooted/rerooted.newick; Input files updated by another job: results/2/trees_unrooted/h3nx_ns.nwk
Shell command: 
		treetime clock 			--tree results/2/trees_unrooted/h3nx_ns.nwk 			--dates data/strain_dates.csv 			--aln data/alignments/h3nx_ns.fasta 			--outdir "results/2/trees_rooted/h3nx_ns_rooted"
        
[Fri Jun 27 14:36:15 2025]
Finished jobid: 28 (Rule: tree)
4 of 33 steps (12%) done
Select jobs to execute...
Execute 1 jobs...
[Fri Jun 27 14:36:15 2025]
Job 16: Building tree
Reason: Missing output files: results/1/trees_unrooted/h3nx_np.nwk
Shell command: 
        augur tree             --alignment data/alignments/h3nx_np.fasta             --output results/1/trees_unrooted/h3nx_np.nwk             --method iqtree             --nthreads 1
        
[Fri Jun 27 14:36:15 2025]
Finished jobid: 18 (Rule: tree)
5 of 33 steps (15%) done
Select jobs to execute...
Execute 1 jobs...
[Fri Jun 27 14:36:15 2025]
Job 17: Inferring root
Reason: Missing output files: results/2/trees_rooted/h3nx_np_rooted/rerooted.newick; Input files updated by another job: results/2/trees_unrooted/h3nx_np.nwk
Shell command: 
		treetime clock 			--tree results/2/trees_unrooted/h3nx_np.nwk 			--dates data/strain_dates.csv 			--aln data/alignments/h3nx_np.fasta 			--outdir "results/2/trees_rooted/h3nx_np_rooted"
        
[Fri Jun 27 14:36:15 2025]
Finished jobid: 14 (Rule: tree)
6 of 33 steps (18%) done
Select jobs to execute...
Execute 1 jobs...
[Fri Jun 27 14:36:15 2025]
Job 13: Inferring root
Reason: Missing output files: results/2/trees_rooted/h3nx_na_rooted/rerooted.newick; Input files updated by another job: results/2/trees_unrooted/h3nx_na.nwk
Shell command: 
		treetime clock 			--tree results/2/trees_unrooted/h3nx_na.nwk 			--dates data/strain_dates.csv 			--aln data/alignments/h3nx_na.fasta 			--outdir "results/2/trees_rooted/h3nx_na_rooted"
        
[Fri Jun 27 14:36:15 2025]
Finished jobid: 20 (Rule: tree)
7 of 33 steps (21%) done
Select jobs to execute...
Execute 1 jobs...
[Fri Jun 27 14:36:15 2025]
Job 29: Inferring root
Reason: Missing output files: results/2/trees_rooted/h3nx_mp_rooted/rerooted.newick; Input files updated by another job: results/2/trees_unrooted/h3nx_mp.nwk
Shell command: 
		treetime clock 			--tree results/2/trees_unrooted/h3nx_mp.nwk 			--dates data/strain_dates.csv 			--aln data/alignments/h3nx_mp.fasta 			--outdir "results/2/trees_rooted/h3nx_mp_rooted"
        
[Fri Jun 27 14:36:15 2025]
Finished jobid: 4 (Rule: tree)
8 of 33 steps (24%) done
Select jobs to execute...
Execute 1 jobs...
[Fri Jun 27 14:36:15 2025]
Job 3: Inferring root
Reason: Missing output files: results/1/trees_rooted/h3nx_pb2_rooted/rerooted.newick; Input files updated by another job: results/1/trees_unrooted/h3nx_pb2.nwk
Shell command: 
		treetime clock 			--tree results/1/trees_unrooted/h3nx_pb2.nwk 			--dates data/strain_dates.csv 			--aln data/alignments/h3nx_pb2.fasta 			--outdir "results/1/trees_rooted/h3nx_pb2_rooted"
        
[Fri Jun 27 14:36:15 2025]
Finished jobid: 22 (Rule: tree)
9 of 33 steps (27%) done
Select jobs to execute...
Execute 1 jobs...
[Fri Jun 27 14:36:15 2025]
Job 21: Inferring root
Reason: Missing output files: results/2/trees_rooted/h3nx_pa_rooted/rerooted.newick; Input files updated by another job: results/2/trees_unrooted/h3nx_pa.nwk
Shell command: 
		treetime clock 			--tree results/2/trees_unrooted/h3nx_pa.nwk 			--dates data/strain_dates.csv 			--aln data/alignments/h3nx_pa.fasta 			--outdir "results/2/trees_rooted/h3nx_pa_rooted"
        
[Fri Jun 27 14:36:15 2025]
Finished jobid: 6 (Rule: tree)
10 of 33 steps (30%) done
Select jobs to execute...
Execute 1 jobs...
[Fri Jun 27 14:36:15 2025]
Job 5: Inferring root
Reason: Missing output files: results/2/trees_rooted/h3nx_pb2_rooted/rerooted.newick; Input files updated by another job: results/2/trees_unrooted/h3nx_pb2.nwk
Shell command: 
		treetime clock 			--tree results/2/trees_unrooted/h3nx_pb2.nwk 			--dates data/strain_dates.csv 			--aln data/alignments/h3nx_pb2.fasta 			--outdir "results/2/trees_rooted/h3nx_pb2_rooted"
        
Select jobs to execute...
[Fri Jun 27 14:36:15 2025]
Finished jobid: 10 (Rule: tree)
11 of 33 steps (33%) done
Execute 1 jobs...
[Fri Jun 27 14:36:15 2025]
Job 9: Inferring root
Reason: Missing output files: results/2/trees_rooted/h3nx_pb1_rooted/rerooted.newick; Input files updated by another job: results/2/trees_unrooted/h3nx_pb1.nwk
Shell command: 
		treetime clock 			--tree results/2/trees_unrooted/h3nx_pb1.nwk 			--dates data/strain_dates.csv 			--aln data/alignments/h3nx_pb1.fasta 			--outdir "results/2/trees_rooted/h3nx_pb1_rooted"
        
[Fri Jun 27 14:36:15 2025]
Finished jobid: 8 (Rule: tree)
12 of 33 steps (36%) done
Select jobs to execute...
Execute 1 jobs...
[Fri Jun 27 14:36:15 2025]
Job 7: Inferring root
Reason: Missing output files: results/1/trees_rooted/h3nx_pb1_rooted/rerooted.newick; Input files updated by another job: results/1/trees_unrooted/h3nx_pb1.nwk
Shell command: 
		treetime clock 			--tree results/1/trees_unrooted/h3nx_pb1.nwk 			--dates data/strain_dates.csv 			--aln data/alignments/h3nx_pb1.fasta 			--outdir "results/1/trees_rooted/h3nx_pb1_rooted"
        
Select jobs to execute...
[Fri Jun 27 14:36:18 2025]
Finished jobid: 25 (Rule: root)
13 of 33 steps (39%) done
Execute 1 jobs...
[Fri Jun 27 14:36:18 2025]
Job 19: Inferring root
Reason: Missing output files: results/1/trees_rooted/h3nx_pa_rooted/rerooted.newick; Input files updated by another job: results/1/trees_unrooted/h3nx_pa.nwk
Shell command: 
		treetime clock 			--tree results/1/trees_unrooted/h3nx_pa.nwk 			--dates data/strain_dates.csv 			--aln data/alignments/h3nx_pa.fasta 			--outdir "results/1/trees_rooted/h3nx_pa_rooted"
        
Select jobs to execute...
[Fri Jun 27 14:36:18 2025]
Finished jobid: 12 (Rule: tree)
14 of 33 steps (42%) done
Execute 1 jobs...
[Fri Jun 27 14:36:18 2025]
Job 27: Inferring root
Reason: Missing output files: results/1/trees_rooted/h3nx_mp_rooted/rerooted.newick; Input files updated by another job: results/1/trees_unrooted/h3nx_mp.nwk
Shell command: 
		treetime clock 			--tree results/1/trees_unrooted/h3nx_mp.nwk 			--dates data/strain_dates.csv 			--aln data/alignments/h3nx_mp.fasta 			--outdir "results/1/trees_rooted/h3nx_mp_rooted"
        
Select jobs to execute...
[Fri Jun 27 14:36:18 2025]
Finished jobid: 23 (Rule: root)
15 of 33 steps (45%) done
Execute 1 jobs...
[Fri Jun 27 14:36:18 2025]
Job 11: Inferring root
Reason: Missing output files: results/1/trees_rooted/h3nx_na_rooted/rerooted.newick; Input files updated by another job: results/1/trees_unrooted/h3nx_na.nwk
Shell command: 
		treetime clock 			--tree results/1/trees_unrooted/h3nx_na.nwk 			--dates data/strain_dates.csv 			--aln data/alignments/h3nx_na.fasta 			--outdir "results/1/trees_rooted/h3nx_na_rooted"
        
[Fri Jun 27 14:36:18 2025]
Finished jobid: 17 (Rule: root)
16 of 33 steps (48%) done
[Fri Jun 27 14:36:18 2025]
Finished jobid: 13 (Rule: root)
17 of 33 steps (52%) done
[Fri Jun 27 14:36:18 2025]
Finished jobid: 16 (Rule: tree)
18 of 33 steps (55%) done
Select jobs to execute...
Execute 1 jobs...
[Fri Jun 27 14:36:18 2025]
Job 15: Inferring root
Reason: Missing output files: results/1/trees_rooted/h3nx_np_rooted/rerooted.newick; Input files updated by another job: results/1/trees_unrooted/h3nx_np.nwk
Shell command: 
		treetime clock 			--tree results/1/trees_unrooted/h3nx_np.nwk 			--dates data/strain_dates.csv 			--aln data/alignments/h3nx_np.fasta 			--outdir "results/1/trees_rooted/h3nx_np_rooted"
        
[Fri Jun 27 14:36:19 2025]
Finished jobid: 29 (Rule: root)
19 of 33 steps (58%) done
[Fri Jun 27 14:36:19 2025]
Finished jobid: 3 (Rule: root)
20 of 33 steps (61%) done
[Fri Jun 27 14:36:19 2025]
Finished jobid: 5 (Rule: root)
21 of 33 steps (64%) done
[Fri Jun 27 14:36:19 2025]
Finished jobid: 21 (Rule: root)
22 of 33 steps (67%) done
[Fri Jun 27 14:36:19 2025]
Finished jobid: 9 (Rule: root)
23 of 33 steps (70%) done
[Fri Jun 27 14:36:19 2025]
Finished jobid: 7 (Rule: root)
24 of 33 steps (73%) done
[Fri Jun 27 14:36:21 2025]
Finished jobid: 11 (Rule: root)
25 of 33 steps (76%) done
[Fri Jun 27 14:36:21 2025]
Finished jobid: 27 (Rule: root)
26 of 33 steps (79%) done
[Fri Jun 27 14:36:21 2025]
Finished jobid: 19 (Rule: root)
27 of 33 steps (82%) done
[Fri Jun 27 14:36:21 2025]
Finished jobid: 15 (Rule: root)
28 of 33 steps (85%) done
Select jobs to execute...
Execute 2 jobs...
[Fri Jun 27 14:36:21 2025]
Job 2: creating a descriptor file that points to the correct replicate trees
Reason: Missing output files: descriptor_1.csv; Input files updated by another job: results/2/trees_rooted/h3nx_pa_rooted/rerooted.newick, results/1/trees_rooted/h3nx_pb1_rooted/rerooted.newick, results/1/trees_rooted/h3nx_np_rooted/rerooted.newick, results/2/trees_rooted/h3nx_mp_rooted/rerooted.newick, results/1/trees_rooted/h3nx_mp_rooted/rerooted.newick, results/2/trees_rooted/h3nx_pb1_rooted/rerooted.newick, results/2/trees_rooted/h3nx_np_rooted/rerooted.newick, results/1/trees_rooted/h3nx_ns_rooted/rerooted.newick, results/2/trees_rooted/h3nx_pb2_rooted/rerooted.newick, results/2/trees_rooted/h3nx_ns_rooted/rerooted.newick, results/1/trees_rooted/h3nx_pa_rooted/rerooted.newick, results/1/trees_rooted/h3nx_na_rooted/rerooted.newick, results/1/trees_rooted/h3nx_pb2_rooted/rerooted.newick, results/2/trees_rooted/h3nx_na_rooted/rerooted.newick
Shell command: 
		python scripts/descriptor.py 		--rep 1 		--descriptor descriptor_1.csv 
		
[Fri Jun 27 14:36:21 2025]
Job 32: creating a descriptor file that points to the correct replicate trees
Reason: Missing output files: descriptor_2.csv; Input files updated by another job: results/2/trees_rooted/h3nx_pa_rooted/rerooted.newick, results/1/trees_rooted/h3nx_pb1_rooted/rerooted.newick, results/1/trees_rooted/h3nx_np_rooted/rerooted.newick, results/2/trees_rooted/h3nx_mp_rooted/rerooted.newick, results/1/trees_rooted/h3nx_mp_rooted/rerooted.newick, results/2/trees_rooted/h3nx_pb1_rooted/rerooted.newick, results/2/trees_rooted/h3nx_np_rooted/rerooted.newick, results/1/trees_rooted/h3nx_ns_rooted/rerooted.newick, results/2/trees_rooted/h3nx_pb2_rooted/rerooted.newick, results/2/trees_rooted/h3nx_ns_rooted/rerooted.newick, results/1/trees_rooted/h3nx_pa_rooted/rerooted.newick, results/1/trees_rooted/h3nx_na_rooted/rerooted.newick, results/1/trees_rooted/h3nx_pb2_rooted/rerooted.newick, results/2/trees_rooted/h3nx_na_rooted/rerooted.newick
Shell command: 
		python scripts/descriptor.py 		--rep 2 		--descriptor descriptor_2.csv 
		
[Fri Jun 27 14:36:21 2025]
Finished jobid: 2 (Rule: descriptor)
29 of 33 steps (88%) done
Select jobs to execute...
Execute 1 jobs...
[Fri Jun 27 14:36:21 2025]
Job 1: running treesort to infer reassortment events
Reason: Missing output files: results/1/ha_treesort.tre; Input files updated by another job: descriptor_1.csv; Code has changed since last execution
Shell command: 
		treesort 		-i descriptor_1.csv 		-o results/1/ha_treesort.tre 		--no-collapse 		> results/1/output_.log
		
[Fri Jun 27 14:36:21 2025]
Finished jobid: 32 (Rule: descriptor)
30 of 33 steps (91%) done
Select jobs to execute...
Execute 1 jobs...
[Fri Jun 27 14:36:21 2025]
Job 31: running treesort to infer reassortment events
Reason: Missing output files: results/2/ha_treesort.tre; Input files updated by another job: descriptor_2.csv; Code has changed since last execution
Shell command: 
		treesort 		-i descriptor_2.csv 		-o results/2/ha_treesort.tre 		--no-collapse 		> results/2/output_.log
		
