Building DAG of jobs...
Using shell: /usr/bin/bash
Provided cores: 8
Rules claiming more threads will be scaled down.
Job stats:
job      count
-----  -------
all          1
root         1
tree         1
total        3

Select jobs to execute...

[Mon Jun 23 23:42:34 2025]
Job 2: Building tree
Reason: Missing output files: results/trees_unrooted/h3nx_ha.nwk


        augur tree             --alignment data/alignments/h3nx_ha.fasta             --output results/trees_unrooted/h3nx_ha.nwk             --method iqtree             --nthreads 1
        
[Mon Jun 23 23:42:39 2025]
Finished job 2.
1 of 3 steps (33%) done
Select jobs to execute...

[Mon Jun 23 23:42:39 2025]
Job 1: Inferring root
Reason: Missing output files: results/trees_rooted/h3nx_ha_rooted/rerooted.newick; Input files updated by another job: results/trees_unrooted/h3nx_ha.nwk


		treetime clock 			--tree results/trees_unrooted/h3nx_ha.nwk 			--dates data/strain_dates.csv 			--aln data/alignments/h3nx_ha.fasta 			--outdir "results/trees_rooted/h3nx_ha_rooted"
        
[Mon Jun 23 23:42:43 2025]
Finished job 1.
2 of 3 steps (67%) done
Select jobs to execute...

[Mon Jun 23 23:42:43 2025]
localrule all:
    input: results/trees_rooted/h3nx_ha_rooted/rerooted.newick, results/trees_rooted/h3nx_pb2_rooted/rerooted.newick, results/trees_rooted/h3nx_pb1_rooted/rerooted.newick, results/trees_rooted/h3nx_na_rooted/rerooted.newick, results/trees_rooted/h3nx_np_rooted/rerooted.newick, results/trees_rooted/h3nx_pa_rooted/rerooted.newick, results/trees_rooted/h3nx_ns_rooted/rerooted.newick, results/trees_rooted/h3nx_mp_rooted/rerooted.newick
    jobid: 0
    reason: Input files updated by another job: results/trees_rooted/h3nx_ha_rooted/rerooted.newick
    resources: tmpdir=/tmp

[Mon Jun 23 23:42:43 2025]
Finished job 0.
3 of 3 steps (100%) done
Complete log: .snakemake/log/2025-06-23T234234.335309.snakemake.log
