Building DAG of jobs...
Using shell: /usr/bin/bash
Provided cores: 6
Rules claiming more threads will be scaled down.
Job stats:
job          count
---------  -------
all              1
ancestral        1
export           1
traits           1
translate        1
total            5

Select jobs to execute...

[Tue Feb 11 20:48:56 2025]
Job 2: Inferring ancestral traits for host country region subtype order
Reason: Missing output files: traits/traits_h3nx_na.json


        augur traits             --tree trees/named_h3nx_na.nwk             --metadata prepped/metadata/h3nx_na.csv             --output traits/traits_h3nx_na.json             --columns host country region subtype order             --confidence
        

[Tue Feb 11 20:48:56 2025]
Job 3: Reconstructing ancestral sequences and mutations
Reason: Missing output files: prepped/div_tree/nt_muts/nt-muts_h3nx_na.json


        augur ancestral             --tree trees/named_h3nx_na.nwk             --alignment prepped/alignments/h3nx_na.fasta             --output-node-data prepped/div_tree/nt_muts/nt-muts_h3nx_na.json             --inference joint            --keep-ambiguous
        
[Tue Feb 11 20:49:13 2025]
Finished job 3.
1 of 5 steps (20%) done
Select jobs to execute...

[Tue Feb 11 20:49:13 2025]
Job 4: Translating amino acid sequences
Reason: Missing output files: prepped/div_tree/aa_muts/aa-muts_h3nx_na.json; Input files updated by another job: prepped/div_tree/nt_muts/nt-muts_h3nx_na.json


        augur translate             --tree trees/named_h3nx_na.nwk             --ancestral-sequences prepped/div_tree/nt_muts/nt-muts_h3nx_na.json             --reference-sequence config/references/h3nx_na.gb             --output prepped/div_tree/aa_muts/aa-muts_h3nx_na.json
        
[Tue Feb 11 20:49:16 2025]
Finished job 4.
2 of 5 steps (40%) done
[Tue Feb 11 20:51:34 2025]
Finished job 2.
3 of 5 steps (60%) done
Select jobs to execute...

[Tue Feb 11 20:51:34 2025]
Job 1: Exporting data files for for auspice
Reason: Missing output files: treesort_auspice/treesort_h3nx_na.json; Input files updated by another job: prepped/div_tree/aa_muts/aa-muts_h3nx_na.json, prepped/div_tree/nt_muts/nt-muts_h3nx_na.json, traits/traits_h3nx_na.json


        augur export v2             --tree trees/named_h3nx_na.nwk             --metadata prepped/metadata/h3nx_na.csv             --node-data h3nx_na_rea.json traits/traits_h3nx_na.json prepped/div_tree/nt_muts/nt-muts_h3nx_na.json prepped/div_tree/aa_muts/aa-muts_h3nx_na.json            --auspice-config config/auspice_config_h3nx.json             --include-root-sequence 			--colors config/colors_h3nx.tsv 			--lat-longs config/lat_longs_h3nx.tsv             --output treesort_auspice/treesort_h3nx_na.json
        
[Tue Feb 11 20:51:50 2025]
Finished job 1.
4 of 5 steps (80%) done
Select jobs to execute...

[Tue Feb 11 20:51:50 2025]
localrule all:
    input: treesort_auspice/treesort_h3nx_na.json
    jobid: 0
    reason: Input files updated by another job: treesort_auspice/treesort_h3nx_na.json
    resources: tmpdir=/tmp

[Tue Feb 11 20:51:50 2025]
Finished job 0.
5 of 5 steps (100%) done
Complete log: .snakemake/log/2025-02-11T204856.738440.snakemake.log
