Building DAG of jobs...
Using shell: /usr/bin/bash
Provided cores: 6
Rules claiming more threads will be scaled down.
Job stats:
job          count
---------  -------
all              1
ancestral        5
export           5
traits           5
translate        5
total           21

Select jobs to execute...

[Wed Mar 12 17:13:23 2025]
Job 7: Reconstructing ancestral sequences and mutations
Reason: Missing output files: prepped/div_tree/nt_muts/nt-muts_h3nx_pb1_2.json


        augur ancestral             --tree trees_2/named_h3nx_pb1.nwk             --alignment prepped/alignments/h3nx_pb1.fasta             --output-node-data prepped/div_tree/nt_muts/nt-muts_h3nx_pb1_2.json             --inference joint            --keep-ambiguous
        

[Wed Mar 12 17:13:23 2025]
Job 11: Reconstructing ancestral sequences and mutations
Reason: Missing output files: prepped/div_tree/nt_muts/nt-muts_h3nx_pb1_3.json


        augur ancestral             --tree trees_3/named_h3nx_pb1.nwk             --alignment prepped/alignments/h3nx_pb1.fasta             --output-node-data prepped/div_tree/nt_muts/nt-muts_h3nx_pb1_3.json             --inference joint            --keep-ambiguous
        

[Wed Mar 12 17:13:23 2025]
Job 15: Reconstructing ancestral sequences and mutations
Reason: Missing output files: prepped/div_tree/nt_muts/nt-muts_h3nx_pb1_4.json


        augur ancestral             --tree trees_4/named_h3nx_pb1.nwk             --alignment prepped/alignments/h3nx_pb1.fasta             --output-node-data prepped/div_tree/nt_muts/nt-muts_h3nx_pb1_4.json             --inference joint            --keep-ambiguous
        

[Wed Mar 12 17:13:23 2025]
Job 3: Reconstructing ancestral sequences and mutations
Reason: Missing output files: prepped/div_tree/nt_muts/nt-muts_h3nx_pb1_1.json


        augur ancestral             --tree trees_1/named_h3nx_pb1.nwk             --alignment prepped/alignments/h3nx_pb1.fasta             --output-node-data prepped/div_tree/nt_muts/nt-muts_h3nx_pb1_1.json             --inference joint            --keep-ambiguous
        

[Wed Mar 12 17:13:23 2025]
Job 19: Reconstructing ancestral sequences and mutations
Reason: Missing output files: prepped/div_tree/nt_muts/nt-muts_h3nx_pb1_5.json


        augur ancestral             --tree trees_5/named_h3nx_pb1.nwk             --alignment prepped/alignments/h3nx_pb1.fasta             --output-node-data prepped/div_tree/nt_muts/nt-muts_h3nx_pb1_5.json             --inference joint            --keep-ambiguous
        

[Wed Mar 12 17:13:23 2025]
Job 10: Inferring ancestral traits for host country region subtype order
Reason: Missing output files: traits_3/traits_h3nx_pb1.json


        augur traits             --tree trees_3/named_h3nx_pb1.nwk             --metadata prepped/metadata/h3nx_pb1.csv             --output traits_3/traits_h3nx_pb1.json             --columns host country region subtype order             --confidence
        
[Wed Mar 12 17:14:14 2025]
Finished job 19.
1 of 21 steps (5%) done
Select jobs to execute...

[Wed Mar 12 17:14:14 2025]
Job 20: Translating amino acid sequences
Reason: Missing output files: prepped/div_tree/aa_muts/aa-muts_h3nx_pb1_5.json; Input files updated by another job: prepped/div_tree/nt_muts/nt-muts_h3nx_pb1_5.json


        augur translate             --tree trees_5/named_h3nx_pb1.nwk             --ancestral-sequences prepped/div_tree/nt_muts/nt-muts_h3nx_pb1_5.json             --reference-sequence config/references/h3nx_pb1.gb             --output prepped/div_tree/aa_muts/aa-muts_h3nx_pb1_5.json
        
[Wed Mar 12 17:14:14 2025]
Finished job 3.
2 of 21 steps (10%) done
[Wed Mar 12 17:14:14 2025]
Finished job 11.
3 of 21 steps (14%) done
[Wed Mar 12 17:14:14 2025]
Finished job 15.
4 of 21 steps (19%) done
[Wed Mar 12 17:14:14 2025]
Finished job 7.
5 of 21 steps (24%) done
Select jobs to execute...

[Wed Mar 12 17:14:14 2025]
Job 12: Translating amino acid sequences
Reason: Missing output files: prepped/div_tree/aa_muts/aa-muts_h3nx_pb1_3.json; Input files updated by another job: prepped/div_tree/nt_muts/nt-muts_h3nx_pb1_3.json


        augur translate             --tree trees_3/named_h3nx_pb1.nwk             --ancestral-sequences prepped/div_tree/nt_muts/nt-muts_h3nx_pb1_3.json             --reference-sequence config/references/h3nx_pb1.gb             --output prepped/div_tree/aa_muts/aa-muts_h3nx_pb1_3.json
        

[Wed Mar 12 17:14:14 2025]
Job 4: Translating amino acid sequences
Reason: Missing output files: prepped/div_tree/aa_muts/aa-muts_h3nx_pb1_1.json; Input files updated by another job: prepped/div_tree/nt_muts/nt-muts_h3nx_pb1_1.json


        augur translate             --tree trees_1/named_h3nx_pb1.nwk             --ancestral-sequences prepped/div_tree/nt_muts/nt-muts_h3nx_pb1_1.json             --reference-sequence config/references/h3nx_pb1.gb             --output prepped/div_tree/aa_muts/aa-muts_h3nx_pb1_1.json
        

[Wed Mar 12 17:14:14 2025]
Job 8: Translating amino acid sequences
Reason: Missing output files: prepped/div_tree/aa_muts/aa-muts_h3nx_pb1_2.json; Input files updated by another job: prepped/div_tree/nt_muts/nt-muts_h3nx_pb1_2.json


        augur translate             --tree trees_2/named_h3nx_pb1.nwk             --ancestral-sequences prepped/div_tree/nt_muts/nt-muts_h3nx_pb1_2.json             --reference-sequence config/references/h3nx_pb1.gb             --output prepped/div_tree/aa_muts/aa-muts_h3nx_pb1_2.json
        

[Wed Mar 12 17:14:14 2025]
Job 16: Translating amino acid sequences
Reason: Missing output files: prepped/div_tree/aa_muts/aa-muts_h3nx_pb1_4.json; Input files updated by another job: prepped/div_tree/nt_muts/nt-muts_h3nx_pb1_4.json


        augur translate             --tree trees_4/named_h3nx_pb1.nwk             --ancestral-sequences prepped/div_tree/nt_muts/nt-muts_h3nx_pb1_4.json             --reference-sequence config/references/h3nx_pb1.gb             --output prepped/div_tree/aa_muts/aa-muts_h3nx_pb1_4.json
        
Select jobs to execute...
[Wed Mar 12 17:14:20 2025]
Finished job 16.
6 of 21 steps (29%) done

[Wed Mar 12 17:14:20 2025]
Job 18: Inferring ancestral traits for host country region subtype order
Reason: Missing output files: traits_5/traits_h3nx_pb1.json


        augur traits             --tree trees_5/named_h3nx_pb1.nwk             --metadata prepped/metadata/h3nx_pb1.csv             --output traits_5/traits_h3nx_pb1.json             --columns host country region subtype order             --confidence
        
[Wed Mar 12 17:14:20 2025]
Finished job 12.
7 of 21 steps (33%) done
[Wed Mar 12 17:14:20 2025]
Finished job 8.
8 of 21 steps (38%) done
[Wed Mar 12 17:14:20 2025]
Finished job 20.
9 of 21 steps (43%) done
[Wed Mar 12 17:14:20 2025]
Finished job 4.
10 of 21 steps (48%) done
Select jobs to execute...

[Wed Mar 12 17:14:20 2025]
Job 2: Inferring ancestral traits for host country region subtype order
Reason: Missing output files: traits_1/traits_h3nx_pb1.json


        augur traits             --tree trees_1/named_h3nx_pb1.nwk             --metadata prepped/metadata/h3nx_pb1.csv             --output traits_1/traits_h3nx_pb1.json             --columns host country region subtype order             --confidence
        

[Wed Mar 12 17:14:20 2025]
Job 14: Inferring ancestral traits for host country region subtype order
Reason: Missing output files: traits_4/traits_h3nx_pb1.json


        augur traits             --tree trees_4/named_h3nx_pb1.nwk             --metadata prepped/metadata/h3nx_pb1.csv             --output traits_4/traits_h3nx_pb1.json             --columns host country region subtype order             --confidence
        

[Wed Mar 12 17:14:20 2025]
Job 6: Inferring ancestral traits for host country region subtype order
Reason: Missing output files: traits_2/traits_h3nx_pb1.json


        augur traits             --tree trees_2/named_h3nx_pb1.nwk             --metadata prepped/metadata/h3nx_pb1.csv             --output traits_2/traits_h3nx_pb1.json             --columns host country region subtype order             --confidence
        
[Wed Mar 12 17:14:52 2025]
Error in rule traits:
    jobid: 2
    input: trees_1/named_h3nx_pb1.nwk, prepped/metadata/h3nx_pb1.csv
    output: traits_1/traits_h3nx_pb1.json
    shell:
        
        augur traits             --tree trees_1/named_h3nx_pb1.nwk             --metadata prepped/metadata/h3nx_pb1.csv             --output traits_1/traits_h3nx_pb1.json             --columns host country region subtype order             --confidence
        
        (one of the commands exited with non-zero exit code; note that snakemake uses bash strict mode!)

[Wed Mar 12 17:14:52 2025]
Error in rule traits:
    jobid: 6
    input: trees_2/named_h3nx_pb1.nwk, prepped/metadata/h3nx_pb1.csv
    output: traits_2/traits_h3nx_pb1.json
    shell:
        
        augur traits             --tree trees_2/named_h3nx_pb1.nwk             --metadata prepped/metadata/h3nx_pb1.csv             --output traits_2/traits_h3nx_pb1.json             --columns host country region subtype order             --confidence
        
        (one of the commands exited with non-zero exit code; note that snakemake uses bash strict mode!)

[Wed Mar 12 17:14:53 2025]
Error in rule traits:
    jobid: 14
    input: trees_4/named_h3nx_pb1.nwk, prepped/metadata/h3nx_pb1.csv
    output: traits_4/traits_h3nx_pb1.json
    shell:
        
        augur traits             --tree trees_4/named_h3nx_pb1.nwk             --metadata prepped/metadata/h3nx_pb1.csv             --output traits_4/traits_h3nx_pb1.json             --columns host country region subtype order             --confidence
        
        (one of the commands exited with non-zero exit code; note that snakemake uses bash strict mode!)

[Wed Mar 12 17:14:53 2025]
Error in rule traits:
    jobid: 18
    input: trees_5/named_h3nx_pb1.nwk, prepped/metadata/h3nx_pb1.csv
    output: traits_5/traits_h3nx_pb1.json
    shell:
        
        augur traits             --tree trees_5/named_h3nx_pb1.nwk             --metadata prepped/metadata/h3nx_pb1.csv             --output traits_5/traits_h3nx_pb1.json             --columns host country region subtype order             --confidence
        
        (one of the commands exited with non-zero exit code; note that snakemake uses bash strict mode!)

[Wed Mar 12 17:15:35 2025]
Error in rule traits:
    jobid: 10
    input: trees_3/named_h3nx_pb1.nwk, prepped/metadata/h3nx_pb1.csv
    output: traits_3/traits_h3nx_pb1.json
    shell:
        
        augur traits             --tree trees_3/named_h3nx_pb1.nwk             --metadata prepped/metadata/h3nx_pb1.csv             --output traits_3/traits_h3nx_pb1.json             --columns host country region subtype order             --confidence
        
        (one of the commands exited with non-zero exit code; note that snakemake uses bash strict mode!)

Shutting down, this might take some time.
Exiting because a job execution failed. Look above for error message
Complete log: .snakemake/log/2025-03-12T171322.757141.snakemake.log
